<?xml version="1.0" encoding="UTF-8"?>
<!-- Generated by org.testng.reporters.JUnitReportReporter -->
<testsuite hostname="LAPTOP-DCCOGBUJ" name="com.adp.automation.businesScripts.GmailTest" tests="1" failures="0" timestamp="7 Nov 2019 17:30:45 GMT" time="3.012" errors="0">
  <testcase name="login" time="3.012" classname="com.adp.automation.businesScripts.GmailTest"/>
</testsuite> <!-- com.adp.automation.businesScripts.GmailTest -->
