<?xml version="1.0" encoding="UTF-8"?>
<!-- Generated by org.testng.reporters.JUnitReportReporter -->
<testsuite hostname="LAPTOP-DCCOGBUJ" name="com.adp.automation.businesScripts.FbTest" tests="1" failures="0" timestamp="4 Nov 2019 07:27:39 GMT" time="6.783" errors="0">
  <testcase name="binglogin" time="6.783" classname="com.adp.automation.businesScripts.FbTest"/>
</testsuite> <!-- com.adp.automation.businesScripts.FbTest -->
